<?xml version="1.0" encoding="UTF-8"?>
<testng-results ignored="0" total="1" passed="1" failed="0" skipped="0">
  <reporter-output>
  </reporter-output>
  <suite started-at="2024-07-18T13:26:03 IST" name="Default suite" finished-at="2024-07-18T13:26:10 IST" duration-ms="6762">
    <groups>
    </groups>
    <test started-at="2024-07-18T13:26:03 IST" name="Default test" finished-at="2024-07-18T13:26:10 IST" duration-ms="6762">
      <class name="Tasks.FaceBookCreateAccountFunctionality">
        <test-method signature="createFaceBook()[pri:0, instance:Tasks.FaceBookCreateAccountFunctionality@28f2a10f]" started-at="2024-07-18T13:26:03 IST" name="createFaceBook" finished-at="2024-07-18T13:26:10 IST" duration-ms="6710" status="PASS">
          <reporter-output>
          </reporter-output>
        </test-method> <!-- createFaceBook -->
      </class> <!-- Tasks.FaceBookCreateAccountFunctionality -->
    </test> <!-- Default test -->
  </suite> <!-- Default suite -->
</testng-results>
