<?xml version="1.0" encoding="UTF-8"?>
<testng-results ignored="0" total="1" passed="1" failed="0" skipped="0">
  <reporter-output>
  </reporter-output>
  <suite started-at="2024-07-10T12:37:18 IST" name="Suite" finished-at="2024-07-10T12:37:27 IST" duration-ms="8518">
    <groups>
    </groups>
    <test started-at="2024-07-10T12:37:18 IST" name="Test" finished-at="2024-07-10T12:37:27 IST" duration-ms="8518">
      <class name="com.pellisambandhalu.sanitytestcases.TC_005_VerifyTheReportGeneration">
        <test-method signature="reportGeneration()[pri:0, instance:com.pellisambandhalu.sanitytestcases.TC_005_VerifyTheReportGeneration@68c9133c]" started-at="2024-07-10T12:37:18 IST" name="reportGeneration" finished-at="2024-07-10T12:37:27 IST" duration-ms="8171" status="PASS">
          <reporter-output>
          </reporter-output>
        </test-method> <!-- reportGeneration -->
      </class> <!-- com.pellisambandhalu.sanitytestcases.TC_005_VerifyTheReportGeneration -->
    </test> <!-- Test -->
  </suite> <!-- Suite -->
</testng-results>
