<?xml version="1.0" encoding="UTF-8"?>
<!-- Generated by org.testng.reporters.JUnitXMLReporter -->
<testsuite ignored="1" hostname="Raja" failures="0" tests="1" name="Default test" time="9.866" errors="0" timestamp="2024-07-25T11:31:53 IST">
  <testcase classname="com.pellisambandhalu.sanitytestcases.TC_006_VerifytheFunctinalityOfWindowHandlesInLibrary" name="switchToSpecifiedWindow" time="9.815"/>
  <testcase classname="com.pellisambandhalu.sanitytestcases.TC_006_VerifytheFunctinalityOfWindowHandlesInLibrary" name="getNumberOfWindows" time="0.0">
    <ignored/>
  </testcase> <!-- getNumberOfWindows -->
</testsuite> <!-- Default test -->
