<?xml version="1.0" encoding="UTF-8"?>
<!-- Generated by org.testng.reporters.JUnitXMLReporter -->
<testsuite ignored="0" hostname="Raja" failures="0" tests="37" name="Test" time="20.451" errors="0" timestamp="2024-07-18T13:37:12 IST">
  <testcase classname="com.pellisambandhalu.sanitytestcases.TC_005_VerifyTheReportGeneration" name="reportGeneration" time="9.91"/>
  <testcase classname="com.pellisambandhalu.sanitytestcases.TC_001_Verify_the_functionality_ExcelData" name="verifyRegisterData" time="0.0"/>
  <testcase classname="com.pellisambandhalu.sanitytestcases.TC_001_Verify_the_functionality_ExcelData" name="verifyRegisterData" time="0.002"/>
  <testcase classname="com.pellisambandhalu.sanitytestcases.TC_001_Verify_the_functionality_ExcelData" name="verifyRegisterData" time="0.0"/>
  <testcase classname="com.pellisambandhalu.sanitytestcases.TC_001_Verify_the_functionality_ExcelData" name="verifyRegisterData" time="0.0"/>
  <testcase classname="com.pellisambandhalu.sanitytestcases.TC_001_Verify_the_functionality_ExcelData" name="verifyRegisterData" time="0.0"/>
  <testcase classname="com.pellisambandhalu.sanitytestcases.TC_001_Verify_the_functionality_ExcelData" name="verifyRegisterData" time="0.0"/>
  <testcase classname="com.pellisambandhalu.sanitytestcases.TC_001_Verify_the_functionality_ExcelData" name="verifyRegisterData" time="0.005"/>
  <testcase classname="com.pellisambandhalu.sanitytestcases.TC_001_Verify_the_functionality_ExcelData" name="verifyRegisterData" time="0.0"/>
  <testcase classname="com.pellisambandhalu.sanitytestcases.TC_001_Verify_the_functionality_ExcelData" name="verifyRegisterData" time="0.0"/>
  <testcase classname="com.pellisambandhalu.sanitytestcases.TC_001_Verify_the_functionality_ExcelData" name="verifyRegisterData" time="0.003"/>
  <testcase classname="com.pellisambandhalu.sanitytestcases.TC_001_Verify_the_functionality_ExcelData" name="verifyRegisterData" time="0.0"/>
  <testcase classname="com.pellisambandhalu.sanitytestcases.TC_001_Verify_the_functionality_ExcelData" name="verifyRegisterData" time="0.0"/>
  <testcase classname="com.pellisambandhalu.sanitytestcases.TC_001_Verify_the_functionality_ExcelData" name="verifyRegisterData" time="0.001"/>
  <testcase classname="com.pellisambandhalu.sanitytestcases.TC_001_Verify_the_functionality_ExcelData" name="verifyRegisterData" time="0.002"/>
  <testcase classname="com.pellisambandhalu.sanitytestcases.TC_001_Verify_the_functionality_ExcelData" name="verifyRegisterData" time="0.0"/>
  <testcase classname="com.pellisambandhalu.sanitytestcases.TC_001_Verify_the_functionality_ExcelData" name="verifyRegisterData" time="0.0"/>
  <testcase classname="com.pellisambandhalu.sanitytestcases.TC_001_Verify_the_functionality_ExcelData" name="verifyRegisterData" time="0.0"/>
  <testcase classname="com.pellisambandhalu.sanitytestcases.TC_001_Verify_the_functionality_ExcelData" name="verifyRegisterData" time="0.0"/>
  <testcase classname="com.pellisambandhalu.sanitytestcases.TC_001_Verify_the_functionality_ExcelData" name="verifyRegisterData" time="0.005"/>
  <testcase classname="com.pellisambandhalu.sanitytestcases.TC_001_Verify_the_functionality_ExcelData" name="verifyLogInDetails" time="0.0"/>
  <testcase classname="com.pellisambandhalu.sanitytestcases.TC_001_Verify_the_functionality_ExcelData" name="verifyLogInDetails" time="0.0"/>
  <testcase classname="com.pellisambandhalu.sanitytestcases.TC_001_Verify_the_functionality_ExcelData" name="verifyLogInDetails" time="0.002"/>
  <testcase classname="com.pellisambandhalu.sanitytestcases.TC_001_Verify_the_functionality_ExcelData" name="verifyLogInDetails" time="0.005"/>
  <testcase classname="com.pellisambandhalu.sanitytestcases.TC_001_Verify_the_functionality_ExcelData" name="verifyLogInDetails" time="0.001"/>
  <testcase classname="com.pellisambandhalu.sanitytestcases.TC_001_Verify_the_functionality_ExcelData" name="verifyLogInDetails" time="0.0"/>
  <testcase classname="com.pellisambandhalu.sanitytestcases.TC_001_Verify_the_functionality_ExcelData" name="verifyLogInDetails" time="0.0"/>
  <testcase classname="com.pellisambandhalu.sanitytestcases.TC_001_Verify_the_functionality_ExcelData" name="verifyLogInDetails" time="0.0"/>
  <testcase classname="com.pellisambandhalu.sanitytestcases.TC_001_Verify_the_functionality_ExcelData" name="verifyEmpDetails" time="0.0"/>
  <testcase classname="com.pellisambandhalu.sanitytestcases.TC_001_Verify_the_functionality_ExcelData" name="verifyEmpDetails" time="0.0"/>
  <testcase classname="com.pellisambandhalu.sanitytestcases.TC_001_Verify_the_functionality_ExcelData" name="verifyEmpDetails" time="0.0"/>
  <testcase classname="com.pellisambandhalu.sanitytestcases.TC_001_Verify_the_functionality_ExcelData" name="verifyEmpDetails" time="0.0"/>
  <testcase classname="com.pellisambandhalu.sanitytestcases.TC_001_Verify_the_functionality_ExcelData" name="verifyEmpDetails" time="0.0"/>
  <testcase classname="com.pellisambandhalu.sanitytestcases.TC_001_Verify_the_functionality_ExcelData" name="verifyEmpDetails" time="0.0"/>
  <testcase classname="com.pellisambandhalu.sanitytestcases.TC_001_Verify_the_functionality_ExcelData" name="verifyEmpDetails" time="0.0"/>
  <testcase classname="com.pellisambandhalu.sanitytestcases.TC_003_VerifyScreenShotFunctionality" name="getCurrentTime" time="0.005"/>
  <testcase classname="com.pellisambandhalu.sanitytestcases.TC_003_VerifyScreenShotFunctionality" name="verifyScreenShotFunctionality" time="0.243"/>
</testsuite> <!-- Test -->
