<?xml version="1.0" encoding="UTF-8"?>
<!-- Generated by org.testng.reporters.JUnitXMLReporter -->
<testsuite ignored="0" hostname="Raja" failures="0" tests="37" name="Test" time="19.17" errors="0" timestamp="2024-07-15T18:11:23 IST">
  <testcase classname="com.pellisambandhalu.sanitytestcases.TC_005_VerifyTheReportGeneration" name="reportGeneration" time="8.372"/>
  <testcase classname="com.pellisambandhalu.sanitytestcases.TC_001_Verify_the_functionality_ExcelData" name="verifyRegisterData" time="0.0"/>
  <testcase classname="com.pellisambandhalu.sanitytestcases.TC_001_Verify_the_functionality_ExcelData" name="verifyRegisterData" time="0.0"/>
  <testcase classname="com.pellisambandhalu.sanitytestcases.TC_001_Verify_the_functionality_ExcelData" name="verifyRegisterData" time="0.0"/>
  <testcase classname="com.pellisambandhalu.sanitytestcases.TC_001_Verify_the_functionality_ExcelData" name="verifyRegisterData" time="0.0"/>
  <testcase classname="com.pellisambandhalu.sanitytestcases.TC_001_Verify_the_functionality_ExcelData" name="verifyRegisterData" time="0.002"/>
  <testcase classname="com.pellisambandhalu.sanitytestcases.TC_001_Verify_the_functionality_ExcelData" name="verifyRegisterData" time="0.001"/>
  <testcase classname="com.pellisambandhalu.sanitytestcases.TC_001_Verify_the_functionality_ExcelData" name="verifyRegisterData" time="0.001"/>
  <testcase classname="com.pellisambandhalu.sanitytestcases.TC_001_Verify_the_functionality_ExcelData" name="verifyRegisterData" time="0.001"/>
  <testcase classname="com.pellisambandhalu.sanitytestcases.TC_001_Verify_the_functionality_ExcelData" name="verifyRegisterData" time="0.0"/>
  <testcase classname="com.pellisambandhalu.sanitytestcases.TC_001_Verify_the_functionality_ExcelData" name="verifyRegisterData" time="0.0"/>
  <testcase classname="com.pellisambandhalu.sanitytestcases.TC_001_Verify_the_functionality_ExcelData" name="verifyRegisterData" time="0.001"/>
  <testcase classname="com.pellisambandhalu.sanitytestcases.TC_001_Verify_the_functionality_ExcelData" name="verifyRegisterData" time="0.0"/>
  <testcase classname="com.pellisambandhalu.sanitytestcases.TC_001_Verify_the_functionality_ExcelData" name="verifyRegisterData" time="0.0"/>
  <testcase classname="com.pellisambandhalu.sanitytestcases.TC_001_Verify_the_functionality_ExcelData" name="verifyRegisterData" time="0.0"/>
  <testcase classname="com.pellisambandhalu.sanitytestcases.TC_001_Verify_the_functionality_ExcelData" name="verifyRegisterData" time="0.0"/>
  <testcase classname="com.pellisambandhalu.sanitytestcases.TC_001_Verify_the_functionality_ExcelData" name="verifyRegisterData" time="0.001"/>
  <testcase classname="com.pellisambandhalu.sanitytestcases.TC_001_Verify_the_functionality_ExcelData" name="verifyRegisterData" time="0.001"/>
  <testcase classname="com.pellisambandhalu.sanitytestcases.TC_001_Verify_the_functionality_ExcelData" name="verifyRegisterData" time="0.0"/>
  <testcase classname="com.pellisambandhalu.sanitytestcases.TC_001_Verify_the_functionality_ExcelData" name="verifyRegisterData" time="0.0"/>
  <testcase classname="com.pellisambandhalu.sanitytestcases.TC_001_Verify_the_functionality_ExcelData" name="verifyLogInDetails" time="0.001"/>
  <testcase classname="com.pellisambandhalu.sanitytestcases.TC_001_Verify_the_functionality_ExcelData" name="verifyLogInDetails" time="0.001"/>
  <testcase classname="com.pellisambandhalu.sanitytestcases.TC_001_Verify_the_functionality_ExcelData" name="verifyLogInDetails" time="0.001"/>
  <testcase classname="com.pellisambandhalu.sanitytestcases.TC_001_Verify_the_functionality_ExcelData" name="verifyLogInDetails" time="0.0"/>
  <testcase classname="com.pellisambandhalu.sanitytestcases.TC_001_Verify_the_functionality_ExcelData" name="verifyLogInDetails" time="0.001"/>
  <testcase classname="com.pellisambandhalu.sanitytestcases.TC_001_Verify_the_functionality_ExcelData" name="verifyLogInDetails" time="0.001"/>
  <testcase classname="com.pellisambandhalu.sanitytestcases.TC_001_Verify_the_functionality_ExcelData" name="verifyLogInDetails" time="0.0"/>
  <testcase classname="com.pellisambandhalu.sanitytestcases.TC_001_Verify_the_functionality_ExcelData" name="verifyLogInDetails" time="0.0"/>
  <testcase classname="com.pellisambandhalu.sanitytestcases.TC_001_Verify_the_functionality_ExcelData" name="verifyEmpDetails" time="0.0"/>
  <testcase classname="com.pellisambandhalu.sanitytestcases.TC_001_Verify_the_functionality_ExcelData" name="verifyEmpDetails" time="0.001"/>
  <testcase classname="com.pellisambandhalu.sanitytestcases.TC_001_Verify_the_functionality_ExcelData" name="verifyEmpDetails" time="0.001"/>
  <testcase classname="com.pellisambandhalu.sanitytestcases.TC_001_Verify_the_functionality_ExcelData" name="verifyEmpDetails" time="0.001"/>
  <testcase classname="com.pellisambandhalu.sanitytestcases.TC_001_Verify_the_functionality_ExcelData" name="verifyEmpDetails" time="0.0"/>
  <testcase classname="com.pellisambandhalu.sanitytestcases.TC_001_Verify_the_functionality_ExcelData" name="verifyEmpDetails" time="0.0"/>
  <testcase classname="com.pellisambandhalu.sanitytestcases.TC_001_Verify_the_functionality_ExcelData" name="verifyEmpDetails" time="0.0"/>
  <testcase classname="com.pellisambandhalu.sanitytestcases.TC_003_VerifyScreenShotFunctionality" name="getCurrentTime" time="0.002"/>
  <testcase classname="com.pellisambandhalu.sanitytestcases.TC_003_VerifyScreenShotFunctionality" name="verifyScreenShotFunctionality" time="0.347"/>
</testsuite> <!-- Test -->
