<?xml version="1.0" encoding="UTF-8"?>
<testsuite xmlns:xsi="http://www.w3.org/2001/XMLSchema-instance" xsi:noNamespaceSchemaLocation="https://maven.apache.org/surefire/maven-surefire-plugin/xsd/surefire-test-report-3.0.xsd" version="3.0" name="TestSuite" time="27.256" tests="38" errors="0" skipped="0" failures="0">
  <properties>
[...]
</properties>
  <testcase name="reportGeneration" classname="com.pellisambandhalu.sanitytestcases.TC_005_VerifyTheReportGeneration" time="9.91">
    <system-err><![CDATA[SLF4J: Failed to load class "org.slf4j.impl.StaticLoggerBinder".
SLF4J: Defaulting to no-operation (NOP) logger implementation
SLF4J: See http://www.slf4j.org/codes.html#StaticLoggerBinder for further details.
ERROR StatusLogger Log4j2 could not find a logging implementation. Please add log4j-core to the classpath. Using SimpleLogger to log to the console...
]]></system-err>
  </testcase>
  <testcase name="verifyRegisterData[Raja, Raja1234@gmail.com, raja@123, Raja_24, Men, 9977997797](1)" classname="com.pellisambandhalu.sanitytestcases.TC_001_Verify_the_functionality_ExcelData" time="0.0">
    <system-out><![CDATA[*******Loading the FROM DATA-EXCEL*********



















Raja Raja1234@gmail.com raja@123 Raja_24 Men 9977997797
]]></system-out>
  </testcase>
  <testcase name="verifyRegisterData[Venkateswarlu, venky12@gmail.com, venky@12, Venky_23, Men, 9977123459](2)" classname="com.pellisambandhalu.sanitytestcases.TC_001_Verify_the_functionality_ExcelData" time="0.002">
    <system-out><![CDATA[Venkateswarlu venky12@gmail.com venky@12 Venky_23 Men 9977123459
]]></system-out>
  </testcase>
  <testcase name="verifyRegisterData[Sunil, sunil22@gmail.com, sunil@22, Sunil_22, Men, 9988776651](3)" classname="com.pellisambandhalu.sanitytestcases.TC_001_Verify_the_functionality_ExcelData" time="0.002">
    <system-out><![CDATA[Sunil sunil22@gmail.com sunil@22 Sunil_22 Men 9988776651
]]></system-out>
  </testcase>
  <testcase name="verifyRegisterData[Ram, ramk23@gmail.com, ram@23, Ram_22, Men, 9988123467](4)" classname="com.pellisambandhalu.sanitytestcases.TC_001_Verify_the_functionality_ExcelData" time="0.0">
    <system-out><![CDATA[Ram ramk23@gmail.com ram@23 Ram_22 Men 9988123467
]]></system-out>
  </testcase>
  <testcase name="verifyRegisterData[Priya, Priya25@gmail.com, priya@25, PriyaK_25, Women, 9676374726](5)" classname="com.pellisambandhalu.sanitytestcases.TC_001_Verify_the_functionality_ExcelData" time="0.0">
    <system-out><![CDATA[Priya Priya25@gmail.com priya@25 PriyaK_25 Women 9676374726
]]></system-out>
  </testcase>
  <testcase name="verifyRegisterData[Giridhar, giridhar27@gmail.com, Giridhar@27, Giri_27, Men, 9988776655](6)" classname="com.pellisambandhalu.sanitytestcases.TC_001_Verify_the_functionality_ExcelData" time="0.003">
    <system-out><![CDATA[Giridhar giridhar27@gmail.com Giridhar@27 Giri_27 Men 9988776655
]]></system-out>
  </testcase>
  <testcase name="verifyRegisterData[Pavan, pavan26@gmail.com, Pavan@26, Pavan_26, Men, 9911223344](7)" classname="com.pellisambandhalu.sanitytestcases.TC_001_Verify_the_functionality_ExcelData" time="0.002">
    <system-out><![CDATA[Pavan pavan26@gmail.com Pavan@26 Pavan_26 Men 9911223344
]]></system-out>
  </testcase>
  <testcase name="verifyRegisterData[Kirankumar, KiranKumar24@gmail.com, kumar@24, Kkumar_24, Men, 9933445566](8)" classname="com.pellisambandhalu.sanitytestcases.TC_001_Verify_the_functionality_ExcelData" time="0.005">
    <system-out><![CDATA[Kirankumar KiranKumar24@gmail.com kumar@24 Kkumar_24 Men 9933445566
]]></system-out>
  </testcase>
  <testcase name="verifyRegisterData[Goverdhan, goverdhan26@gmai.com, goverdhan@26, goverdhan_26, Men, 9977334567](9)" classname="com.pellisambandhalu.sanitytestcases.TC_001_Verify_the_functionality_ExcelData" time="0.0">
    <system-out><![CDATA[Goverdhan goverdhan26@gmai.com goverdhan@26 goverdhan_26 Men 9977334567
]]></system-out>
  </testcase>
  <testcase name="verifyRegisterData[Srikanth, srikanth23@gmail.com, srikanth@23, Srikanth_23, Men, 9954323498](10)" classname="com.pellisambandhalu.sanitytestcases.TC_001_Verify_the_functionality_ExcelData" time="0.0">
    <system-out><![CDATA[Srikanth srikanth23@gmail.com srikanth@23 Srikanth_23 Men 9954323498
]]></system-out>
  </testcase>
  <testcase name="verifyRegisterData[Hari, hari25@gmail.com, hari@25, Hari_25, Men, 9977556677](11)" classname="com.pellisambandhalu.sanitytestcases.TC_001_Verify_the_functionality_ExcelData" time="0.005">
    <system-out><![CDATA[Hari hari25@gmail.com hari@25 Hari_25 Men 9977556677
]]></system-out>
  </testcase>
  <testcase name="verifyRegisterData[Murali, Murali26@gmail.com, murali@26, Murali_26, Men, 9967645632](12)" classname="com.pellisambandhalu.sanitytestcases.TC_001_Verify_the_functionality_ExcelData" time="0.003">
    <system-out><![CDATA[Murali Murali26@gmail.com murali@26 Murali_26 Men 9967645632
]]></system-out>
  </testcase>
  <testcase name="verifyRegisterData[Praveenkumar, praveen26@gmail.com, praveen@26, PraveenKumar_26, Men, 6301234561](13)" classname="com.pellisambandhalu.sanitytestcases.TC_001_Verify_the_functionality_ExcelData" time="0.002">
    <system-out><![CDATA[Praveenkumar praveen26@gmail.com praveen@26 PraveenKumar_26 Men 6301234561
]]></system-out>
  </testcase>
  <testcase name="verifyRegisterData[Sreedevi, Sreedevi27@gmail.com, sreedevi@27, SreeDevi_27, Women, 9956765781](14)" classname="com.pellisambandhalu.sanitytestcases.TC_001_Verify_the_functionality_ExcelData" time="0.001">
    <system-out><![CDATA[Sreedevi Sreedevi27@gmail.com sreedevi@27 SreeDevi_27 Women 9956765781
]]></system-out>
  </testcase>
  <testcase name="verifyRegisterData[Priyanka, Priyanka25@gmail.com, Priyanka@25, Priyanka_25, Women, 6314567894](15)" classname="com.pellisambandhalu.sanitytestcases.TC_001_Verify_the_functionality_ExcelData" time="0.005">
    <system-out><![CDATA[Priyanka Priyanka25@gmail.com Priyanka@25 Priyanka_25 Women 6314567894
]]></system-out>
  </testcase>
  <testcase name="verifyRegisterData[Harshith, Haritha27@gmail.com, Haritha@27, Harshitha_27, Women, 9988776757](16)" classname="com.pellisambandhalu.sanitytestcases.TC_001_Verify_the_functionality_ExcelData" time="0.002">
    <system-out><![CDATA[Harshith Haritha27@gmail.com Haritha@27 Harshitha_27 Women 9988776757
]]></system-out>
  </testcase>
  <testcase name="verifyRegisterData[Bindhu, Bindhu25@gmail.com, Bindhu@25, Bindhu_25, Women, 6354746365](17)" classname="com.pellisambandhalu.sanitytestcases.TC_001_Verify_the_functionality_ExcelData" time="0.005">
    <system-out><![CDATA[Bindhu Bindhu25@gmail.com Bindhu@25 Bindhu_25 Women 6354746365
]]></system-out>
  </testcase>
  <testcase name="verifyRegisterData[Sindhu, Sindhu23@gmail.com, Sindhu@23, Sindhu_23, Women, 6203934567](18)" classname="com.pellisambandhalu.sanitytestcases.TC_001_Verify_the_functionality_ExcelData" time="0.004">
    <system-out><![CDATA[Sindhu Sindhu23@gmail.com Sindhu@23 Sindhu_23 Women 6203934567
]]></system-out>
  </testcase>
  <testcase name="verifyRegisterData[Preethi, Preethi29@gmail.com, Preethi@29, Preethi_29, Women, 9157672531](19)" classname="com.pellisambandhalu.sanitytestcases.TC_001_Verify_the_functionality_ExcelData" time="0.003">
    <system-out><![CDATA[Preethi Preethi29@gmail.com Preethi@29 Preethi_29 Women 9157672531
]]></system-out>
  </testcase>
  <testcase name="verifyLogInDetails[Raja1, Raja@2008](1)" classname="com.pellisambandhalu.sanitytestcases.TC_001_Verify_the_functionality_ExcelData" time="0.0">
    <system-out><![CDATA[*******Loading the FROM DATA-EXCEL*********








Raja1 Raja@2008
]]></system-out>
  </testcase>
  <testcase name="verifyLogInDetails[Raja2, Raja@2009](2)" classname="com.pellisambandhalu.sanitytestcases.TC_001_Verify_the_functionality_ExcelData" time="0.006">
    <system-out><![CDATA[Raja2 Raja@2009
]]></system-out>
  </testcase>
  <testcase name="verifyLogInDetails[Raja3, Raja@2010](3)" classname="com.pellisambandhalu.sanitytestcases.TC_001_Verify_the_functionality_ExcelData" time="0.002">
    <system-out><![CDATA[Raja3 Raja@2010
]]></system-out>
  </testcase>
  <testcase name="verifyLogInDetails[Raja4, Raja@2011](4)" classname="com.pellisambandhalu.sanitytestcases.TC_001_Verify_the_functionality_ExcelData" time="0.003">
    <system-out><![CDATA[Raja4 Raja@2011
]]></system-out>
  </testcase>
  <testcase name="verifyLogInDetails[Raja5, Raja@2012](5)" classname="com.pellisambandhalu.sanitytestcases.TC_001_Verify_the_functionality_ExcelData" time="0.003">
    <system-out><![CDATA[Raja5 Raja@2012
]]></system-out>
  </testcase>
  <testcase name="verifyLogInDetails[Raja6, Raja@2013](6)" classname="com.pellisambandhalu.sanitytestcases.TC_001_Verify_the_functionality_ExcelData" time="0.0">
    <system-out><![CDATA[Raja6 Raja@2013
]]></system-out>
  </testcase>
  <testcase name="verifyLogInDetails[Raja7, Raja@2014](7)" classname="com.pellisambandhalu.sanitytestcases.TC_001_Verify_the_functionality_ExcelData" time="0.002">
    <system-out><![CDATA[Raja7 Raja@2014
]]></system-out>
  </testcase>
  <testcase name="verifyLogInDetails[Raja8, Raja@2015](8)" classname="com.pellisambandhalu.sanitytestcases.TC_001_Verify_the_functionality_ExcelData" time="0.002">
    <system-out><![CDATA[Raja8 Raja@2015
]]></system-out>
  </testcase>
  <testcase name="verifyEmpDetails[Krishna, Naidu, TeamLead](1)" classname="com.pellisambandhalu.sanitytestcases.TC_001_Verify_the_functionality_ExcelData" time="0.002">
    <system-out><![CDATA[*******Loading the FROM DATA-EXCEL*********







Krishna Naidu TeamLead
]]></system-out>
  </testcase>
  <testcase name="verifyEmpDetails[Raja, Venkateswarlu, Test Engineer](2)" classname="com.pellisambandhalu.sanitytestcases.TC_001_Verify_the_functionality_ExcelData" time="0.007">
    <system-out><![CDATA[Raja Venkateswarlu Test Engineer
]]></system-out>
  </testcase>
  <testcase name="verifyEmpDetails[Goverdhan, Voddula, Test Engineer](3)" classname="com.pellisambandhalu.sanitytestcases.TC_001_Verify_the_functionality_ExcelData" time="0.004">
    <system-out><![CDATA[Goverdhan Voddula Test Engineer
]]></system-out>
  </testcase>
  <testcase name="verifyEmpDetails[Venkateswarlu, Gadde, Sr TesEngieer](4)" classname="com.pellisambandhalu.sanitytestcases.TC_001_Verify_the_functionality_ExcelData" time="0.0">
    <system-out><![CDATA[Venkateswarlu Gadde Sr TesEngieer
]]></system-out>
  </testcase>
  <testcase name="verifyEmpDetails[SivaRammiReddy, Mettu, Test Engineer](5)" classname="com.pellisambandhalu.sanitytestcases.TC_001_Verify_the_functionality_ExcelData" time="0.002">
    <system-out><![CDATA[SivaRammiReddy Mettu Test Engineer
]]></system-out>
  </testcase>
  <testcase name="verifyEmpDetails[Anusha, A, Sr TesEngieer](6)" classname="com.pellisambandhalu.sanitytestcases.TC_001_Verify_the_functionality_ExcelData" time="0.0">
    <system-out><![CDATA[Anusha A Sr TesEngieer
]]></system-out>
  </testcase>
  <testcase name="verifyEmpDetails[Bhanu, Sree, HrRequiter](7)" classname="com.pellisambandhalu.sanitytestcases.TC_001_Verify_the_functionality_ExcelData" time="0.003">
    <system-out><![CDATA[Bhanu Sree HrRequiter
]]></system-out>
  </testcase>
  <testcase name="getCurrentTime" classname="com.pellisambandhalu.sanitytestcases.TC_003_VerifyScreenShotFunctionality" time="0.005">
    <system-out><![CDATA[13_37_11
]]></system-out>
    <system-err><![CDATA[Jul 18, 2024 1:37:09 PM org.openqa.selenium.devtools.CdpVersionFinder findNearestMatch
WARNING: Unable to find CDP implementation matching 126
Jul 18, 2024 1:37:09 PM org.openqa.selenium.chromium.ChromiumDriver lambda$new$5
WARNING: Unable to find version of CDP to use for 126.0.6478.182. You may need to include a dependency on a specific version of the CDP using something similar to `org.seleniumhq.selenium:selenium-devtools-v86:4.11.0` where the version ("v86") matches the version of the chromium-based browser you're using and the version number of the artifact is the same as Selenium's.
]]></system-err>
  </testcase>
  <testcase name="verifyScreenShotFunctionality" classname="com.pellisambandhalu.sanitytestcases.TC_003_VerifyScreenShotFunctionality" time="0.248"/>
  <testcase name="createFaceBook" classname="Tasks.FaceBookCreateAccountFunctionality" time="4.587">
    <system-err><![CDATA[Jul 18, 2024 1:37:14 PM org.openqa.selenium.devtools.CdpVersionFinder findNearestMatch
WARNING: Unable to find CDP implementation matching 126
Jul 18, 2024 1:37:14 PM org.openqa.selenium.chromium.ChromiumDriver lambda$new$5
WARNING: Unable to find version of CDP to use for 126.0.6478.182. You may need to include a dependency on a specific version of the CDP using something similar to `org.seleniumhq.selenium:selenium-devtools-v86:4.11.0` where the version ("v86") matches the version of the chromium-based browser you're using and the version number of the artifact is the same as Selenium's.
]]></system-err>
  </testcase>
</testsuite>