<?xml version="1.0" encoding="UTF-8"?>
<testng-results ignored="0" total="38" passed="38" failed="0" skipped="0">
  <reporter-output>
  </reporter-output>
  <suite started-at="2024-07-18T13:36:51 IST" name="Suite" finished-at="2024-07-18T13:37:12 IST" duration-ms="20451">
    <groups>
    </groups>
    <test started-at="2024-07-18T13:36:51 IST" name="Test" finished-at="2024-07-18T13:37:12 IST" duration-ms="20451">
      <class name="com.pellisambandhalu.sanitytestcases.TC_003_VerifyScreenShotFunctionality">
        <test-method is-config="true" signature="setUpBrowser()[pri:0, instance:com.pellisambandhalu.sanitytestcases.TC_003_VerifyScreenShotFunctionality@235ecd9f]" started-at="2024-07-18T13:37:08 IST" name="setUpBrowser" finished-at="2024-07-18T13:37:11 IST" duration-ms="3514" status="PASS">
          <reporter-output>
          </reporter-output>
        </test-method> <!-- setUpBrowser -->
        <test-method signature="getCurrentTime()[pri:0, instance:com.pellisambandhalu.sanitytestcases.TC_003_VerifyScreenShotFunctionality@235ecd9f]" started-at="2024-07-18T13:37:11 IST" name="getCurrentTime" finished-at="2024-07-18T13:37:11 IST" duration-ms="5" status="PASS">
          <reporter-output>
          </reporter-output>
        </test-method> <!-- getCurrentTime -->
        <test-method signature="verifyScreenShotFunctionality()[pri:0, instance:com.pellisambandhalu.sanitytestcases.TC_003_VerifyScreenShotFunctionality@235ecd9f]" started-at="2024-07-18T13:37:11 IST" name="verifyScreenShotFunctionality" finished-at="2024-07-18T13:37:12 IST" duration-ms="243" status="PASS">
          <reporter-output>
          </reporter-output>
        </test-method> <!-- verifyScreenShotFunctionality -->
      </class> <!-- com.pellisambandhalu.sanitytestcases.TC_003_VerifyScreenShotFunctionality -->
      <class name="com.pellisambandhalu.sanitytestcases.TC_005_VerifyTheReportGeneration">
        <test-method signature="reportGeneration()[pri:0, instance:com.pellisambandhalu.sanitytestcases.TC_005_VerifyTheReportGeneration@1c7696c6]" started-at="2024-07-18T13:36:51 IST" name="reportGeneration" finished-at="2024-07-18T13:37:01 IST" duration-ms="9910" status="PASS">
          <reporter-output>
          </reporter-output>
        </test-method> <!-- reportGeneration -->
      </class> <!-- com.pellisambandhalu.sanitytestcases.TC_005_VerifyTheReportGeneration -->
      <class name="com.pellisambandhalu.sanitytestcases.TC_001_Verify_the_functionality_ExcelData">
        <test-method signature="verifyRegisterData(java.lang.String,java.lang.String,java.lang.String,java.lang.String,java.lang.String,java.lang.String)[pri:1, instance:com.pellisambandhalu.sanitytestcases.TC_001_Verify_the_functionality_ExcelData@46cdf8bd]" started-at="2024-07-18T13:37:03 IST" name="verifyRegisterData" data-provider="RegistrationData" finished-at="2024-07-18T13:37:03 IST" duration-ms="0" status="PASS">
          <params>
            <param index="0">
              <value>
                <![CDATA[Raja]]>
              </value>
            </param>
            <param index="1">
              <value>
                <![CDATA[Raja1234@gmail.com]]>
              </value>
            </param>
            <param index="2">
              <value>
                <![CDATA[raja@123]]>
              </value>
            </param>
            <param index="3">
              <value>
                <![CDATA[Raja_24]]>
              </value>
            </param>
            <param index="4">
              <value>
                <![CDATA[Men]]>
              </value>
            </param>
            <param index="5">
              <value>
                <![CDATA[9977997797]]>
              </value>
            </param>
          </params>
          <reporter-output>
          </reporter-output>
        </test-method> <!-- verifyRegisterData -->
        <test-method signature="verifyRegisterData(java.lang.String,java.lang.String,java.lang.String,java.lang.String,java.lang.String,java.lang.String)[pri:1, instance:com.pellisambandhalu.sanitytestcases.TC_001_Verify_the_functionality_ExcelData@46cdf8bd]" started-at="2024-07-18T13:37:03 IST" name="verifyRegisterData" data-provider="RegistrationData" finished-at="2024-07-18T13:37:03 IST" duration-ms="2" status="PASS">
          <params>
            <param index="0">
              <value>
                <![CDATA[Venkateswarlu]]>
              </value>
            </param>
            <param index="1">
              <value>
                <![CDATA[venky12@gmail.com]]>
              </value>
            </param>
            <param index="2">
              <value>
                <![CDATA[venky@12]]>
              </value>
            </param>
            <param index="3">
              <value>
                <![CDATA[Venky_23]]>
              </value>
            </param>
            <param index="4">
              <value>
                <![CDATA[Men]]>
              </value>
            </param>
            <param index="5">
              <value>
                <![CDATA[9977123459]]>
              </value>
            </param>
          </params>
          <reporter-output>
          </reporter-output>
        </test-method> <!-- verifyRegisterData -->
        <test-method signature="verifyRegisterData(java.lang.String,java.lang.String,java.lang.String,java.lang.String,java.lang.String,java.lang.String)[pri:1, instance:com.pellisambandhalu.sanitytestcases.TC_001_Verify_the_functionality_ExcelData@46cdf8bd]" started-at="2024-07-18T13:37:03 IST" name="verifyRegisterData" data-provider="RegistrationData" finished-at="2024-07-18T13:37:03 IST" duration-ms="0" status="PASS">
          <params>
            <param index="0">
              <value>
                <![CDATA[Sunil]]>
              </value>
            </param>
            <param index="1">
              <value>
                <![CDATA[sunil22@gmail.com]]>
              </value>
            </param>
            <param index="2">
              <value>
                <![CDATA[sunil@22]]>
              </value>
            </param>
            <param index="3">
              <value>
                <![CDATA[Sunil_22]]>
              </value>
            </param>
            <param index="4">
              <value>
                <![CDATA[Men]]>
              </value>
            </param>
            <param index="5">
              <value>
                <![CDATA[9988776651]]>
              </value>
            </param>
          </params>
          <reporter-output>
          </reporter-output>
        </test-method> <!-- verifyRegisterData -->
        <test-method signature="verifyRegisterData(java.lang.String,java.lang.String,java.lang.String,java.lang.String,java.lang.String,java.lang.String)[pri:1, instance:com.pellisambandhalu.sanitytestcases.TC_001_Verify_the_functionality_ExcelData@46cdf8bd]" started-at="2024-07-18T13:37:03 IST" name="verifyRegisterData" data-provider="RegistrationData" finished-at="2024-07-18T13:37:03 IST" duration-ms="0" status="PASS">
          <params>
            <param index="0">
              <value>
                <![CDATA[Ram]]>
              </value>
            </param>
            <param index="1">
              <value>
                <![CDATA[ramk23@gmail.com]]>
              </value>
            </param>
            <param index="2">
              <value>
                <![CDATA[ram@23]]>
              </value>
            </param>
            <param index="3">
              <value>
                <![CDATA[Ram_22]]>
              </value>
            </param>
            <param index="4">
              <value>
                <![CDATA[Men]]>
              </value>
            </param>
            <param index="5">
              <value>
                <![CDATA[9988123467]]>
              </value>
            </param>
          </params>
          <reporter-output>
          </reporter-output>
        </test-method> <!-- verifyRegisterData -->
        <test-method signature="verifyRegisterData(java.lang.String,java.lang.String,java.lang.String,java.lang.String,java.lang.String,java.lang.String)[pri:1, instance:com.pellisambandhalu.sanitytestcases.TC_001_Verify_the_functionality_ExcelData@46cdf8bd]" started-at="2024-07-18T13:37:03 IST" name="verifyRegisterData" data-provider="RegistrationData" finished-at="2024-07-18T13:37:03 IST" duration-ms="0" status="PASS">
          <params>
            <param index="0">
              <value>
                <![CDATA[Priya]]>
              </value>
            </param>
            <param index="1">
              <value>
                <![CDATA[Priya25@gmail.com]]>
              </value>
            </param>
            <param index="2">
              <value>
                <![CDATA[priya@25]]>
              </value>
            </param>
            <param index="3">
              <value>
                <![CDATA[PriyaK_25]]>
              </value>
            </param>
            <param index="4">
              <value>
                <![CDATA[Women]]>
              </value>
            </param>
            <param index="5">
              <value>
                <![CDATA[9676374726]]>
              </value>
            </param>
          </params>
          <reporter-output>
          </reporter-output>
        </test-method> <!-- verifyRegisterData -->
        <test-method signature="verifyRegisterData(java.lang.String,java.lang.String,java.lang.String,java.lang.String,java.lang.String,java.lang.String)[pri:1, instance:com.pellisambandhalu.sanitytestcases.TC_001_Verify_the_functionality_ExcelData@46cdf8bd]" started-at="2024-07-18T13:37:03 IST" name="verifyRegisterData" data-provider="RegistrationData" finished-at="2024-07-18T13:37:03 IST" duration-ms="0" status="PASS">
          <params>
            <param index="0">
              <value>
                <![CDATA[Giridhar]]>
              </value>
            </param>
            <param index="1">
              <value>
                <![CDATA[giridhar27@gmail.com]]>
              </value>
            </param>
            <param index="2">
              <value>
                <![CDATA[Giridhar@27]]>
              </value>
            </param>
            <param index="3">
              <value>
                <![CDATA[Giri_27]]>
              </value>
            </param>
            <param index="4">
              <value>
                <![CDATA[Men]]>
              </value>
            </param>
            <param index="5">
              <value>
                <![CDATA[9988776655]]>
              </value>
            </param>
          </params>
          <reporter-output>
          </reporter-output>
        </test-method> <!-- verifyRegisterData -->
        <test-method signature="verifyRegisterData(java.lang.String,java.lang.String,java.lang.String,java.lang.String,java.lang.String,java.lang.String)[pri:1, instance:com.pellisambandhalu.sanitytestcases.TC_001_Verify_the_functionality_ExcelData@46cdf8bd]" started-at="2024-07-18T13:37:03 IST" name="verifyRegisterData" data-provider="RegistrationData" finished-at="2024-07-18T13:37:03 IST" duration-ms="5" status="PASS">
          <params>
            <param index="0">
              <value>
                <![CDATA[Pavan]]>
              </value>
            </param>
            <param index="1">
              <value>
                <![CDATA[pavan26@gmail.com]]>
              </value>
            </param>
            <param index="2">
              <value>
                <![CDATA[Pavan@26]]>
              </value>
            </param>
            <param index="3">
              <value>
                <![CDATA[Pavan_26]]>
              </value>
            </param>
            <param index="4">
              <value>
                <![CDATA[Men]]>
              </value>
            </param>
            <param index="5">
              <value>
                <![CDATA[9911223344]]>
              </value>
            </param>
          </params>
          <reporter-output>
          </reporter-output>
        </test-method> <!-- verifyRegisterData -->
        <test-method signature="verifyRegisterData(java.lang.String,java.lang.String,java.lang.String,java.lang.String,java.lang.String,java.lang.String)[pri:1, instance:com.pellisambandhalu.sanitytestcases.TC_001_Verify_the_functionality_ExcelData@46cdf8bd]" started-at="2024-07-18T13:37:04 IST" name="verifyRegisterData" data-provider="RegistrationData" finished-at="2024-07-18T13:37:04 IST" duration-ms="0" status="PASS">
          <params>
            <param index="0">
              <value>
                <![CDATA[Kirankumar]]>
              </value>
            </param>
            <param index="1">
              <value>
                <![CDATA[KiranKumar24@gmail.com]]>
              </value>
            </param>
            <param index="2">
              <value>
                <![CDATA[kumar@24]]>
              </value>
            </param>
            <param index="3">
              <value>
                <![CDATA[Kkumar_24]]>
              </value>
            </param>
            <param index="4">
              <value>
                <![CDATA[Men]]>
              </value>
            </param>
            <param index="5">
              <value>
                <![CDATA[9933445566]]>
              </value>
            </param>
          </params>
          <reporter-output>
          </reporter-output>
        </test-method> <!-- verifyRegisterData -->
        <test-method signature="verifyRegisterData(java.lang.String,java.lang.String,java.lang.String,java.lang.String,java.lang.String,java.lang.String)[pri:1, instance:com.pellisambandhalu.sanitytestcases.TC_001_Verify_the_functionality_ExcelData@46cdf8bd]" started-at="2024-07-18T13:37:04 IST" name="verifyRegisterData" data-provider="RegistrationData" finished-at="2024-07-18T13:37:04 IST" duration-ms="0" status="PASS">
          <params>
            <param index="0">
              <value>
                <![CDATA[Goverdhan]]>
              </value>
            </param>
            <param index="1">
              <value>
                <![CDATA[goverdhan26@gmai.com]]>
              </value>
            </param>
            <param index="2">
              <value>
                <![CDATA[goverdhan@26]]>
              </value>
            </param>
            <param index="3">
              <value>
                <![CDATA[goverdhan_26]]>
              </value>
            </param>
            <param index="4">
              <value>
                <![CDATA[Men]]>
              </value>
            </param>
            <param index="5">
              <value>
                <![CDATA[9977334567]]>
              </value>
            </param>
          </params>
          <reporter-output>
          </reporter-output>
        </test-method> <!-- verifyRegisterData -->
        <test-method signature="verifyRegisterData(java.lang.String,java.lang.String,java.lang.String,java.lang.String,java.lang.String,java.lang.String)[pri:1, instance:com.pellisambandhalu.sanitytestcases.TC_001_Verify_the_functionality_ExcelData@46cdf8bd]" started-at="2024-07-18T13:37:04 IST" name="verifyRegisterData" data-provider="RegistrationData" finished-at="2024-07-18T13:37:04 IST" duration-ms="3" status="PASS">
          <params>
            <param index="0">
              <value>
                <![CDATA[Srikanth]]>
              </value>
            </param>
            <param index="1">
              <value>
                <![CDATA[srikanth23@gmail.com]]>
              </value>
            </param>
            <param index="2">
              <value>
                <![CDATA[srikanth@23]]>
              </value>
            </param>
            <param index="3">
              <value>
                <![CDATA[Srikanth_23]]>
              </value>
            </param>
            <param index="4">
              <value>
                <![CDATA[Men]]>
              </value>
            </param>
            <param index="5">
              <value>
                <![CDATA[9954323498]]>
              </value>
            </param>
          </params>
          <reporter-output>
          </reporter-output>
        </test-method> <!-- verifyRegisterData -->
        <test-method signature="verifyRegisterData(java.lang.String,java.lang.String,java.lang.String,java.lang.String,java.lang.String,java.lang.String)[pri:1, instance:com.pellisambandhalu.sanitytestcases.TC_001_Verify_the_functionality_ExcelData@46cdf8bd]" started-at="2024-07-18T13:37:04 IST" name="verifyRegisterData" data-provider="RegistrationData" finished-at="2024-07-18T13:37:04 IST" duration-ms="0" status="PASS">
          <params>
            <param index="0">
              <value>
                <![CDATA[Hari]]>
              </value>
            </param>
            <param index="1">
              <value>
                <![CDATA[hari25@gmail.com]]>
              </value>
            </param>
            <param index="2">
              <value>
                <![CDATA[hari@25]]>
              </value>
            </param>
            <param index="3">
              <value>
                <![CDATA[Hari_25]]>
              </value>
            </param>
            <param index="4">
              <value>
                <![CDATA[Men]]>
              </value>
            </param>
            <param index="5">
              <value>
                <![CDATA[9977556677]]>
              </value>
            </param>
          </params>
          <reporter-output>
          </reporter-output>
        </test-method> <!-- verifyRegisterData -->
        <test-method signature="verifyRegisterData(java.lang.String,java.lang.String,java.lang.String,java.lang.String,java.lang.String,java.lang.String)[pri:1, instance:com.pellisambandhalu.sanitytestcases.TC_001_Verify_the_functionality_ExcelData@46cdf8bd]" started-at="2024-07-18T13:37:04 IST" name="verifyRegisterData" data-provider="RegistrationData" finished-at="2024-07-18T13:37:04 IST" duration-ms="0" status="PASS">
          <params>
            <param index="0">
              <value>
                <![CDATA[Murali]]>
              </value>
            </param>
            <param index="1">
              <value>
                <![CDATA[Murali26@gmail.com]]>
              </value>
            </param>
            <param index="2">
              <value>
                <![CDATA[murali@26]]>
              </value>
            </param>
            <param index="3">
              <value>
                <![CDATA[Murali_26]]>
              </value>
            </param>
            <param index="4">
              <value>
                <![CDATA[Men]]>
              </value>
            </param>
            <param index="5">
              <value>
                <![CDATA[9967645632]]>
              </value>
            </param>
          </params>
          <reporter-output>
          </reporter-output>
        </test-method> <!-- verifyRegisterData -->
        <test-method signature="verifyRegisterData(java.lang.String,java.lang.String,java.lang.String,java.lang.String,java.lang.String,java.lang.String)[pri:1, instance:com.pellisambandhalu.sanitytestcases.TC_001_Verify_the_functionality_ExcelData@46cdf8bd]" started-at="2024-07-18T13:37:04 IST" name="verifyRegisterData" data-provider="RegistrationData" finished-at="2024-07-18T13:37:04 IST" duration-ms="1" status="PASS">
          <params>
            <param index="0">
              <value>
                <![CDATA[Praveenkumar]]>
              </value>
            </param>
            <param index="1">
              <value>
                <![CDATA[praveen26@gmail.com]]>
              </value>
            </param>
            <param index="2">
              <value>
                <![CDATA[praveen@26]]>
              </value>
            </param>
            <param index="3">
              <value>
                <![CDATA[PraveenKumar_26]]>
              </value>
            </param>
            <param index="4">
              <value>
                <![CDATA[Men]]>
              </value>
            </param>
            <param index="5">
              <value>
                <![CDATA[6301234561]]>
              </value>
            </param>
          </params>
          <reporter-output>
          </reporter-output>
        </test-method> <!-- verifyRegisterData -->
        <test-method signature="verifyRegisterData(java.lang.String,java.lang.String,java.lang.String,java.lang.String,java.lang.String,java.lang.String)[pri:1, instance:com.pellisambandhalu.sanitytestcases.TC_001_Verify_the_functionality_ExcelData@46cdf8bd]" started-at="2024-07-18T13:37:05 IST" name="verifyRegisterData" data-provider="RegistrationData" finished-at="2024-07-18T13:37:05 IST" duration-ms="2" status="PASS">
          <params>
            <param index="0">
              <value>
                <![CDATA[Sreedevi]]>
              </value>
            </param>
            <param index="1">
              <value>
                <![CDATA[Sreedevi27@gmail.com]]>
              </value>
            </param>
            <param index="2">
              <value>
                <![CDATA[sreedevi@27]]>
              </value>
            </param>
            <param index="3">
              <value>
                <![CDATA[SreeDevi_27]]>
              </value>
            </param>
            <param index="4">
              <value>
                <![CDATA[Women]]>
              </value>
            </param>
            <param index="5">
              <value>
                <![CDATA[9956765781]]>
              </value>
            </param>
          </params>
          <reporter-output>
          </reporter-output>
        </test-method> <!-- verifyRegisterData -->
        <test-method signature="verifyRegisterData(java.lang.String,java.lang.String,java.lang.String,java.lang.String,java.lang.String,java.lang.String)[pri:1, instance:com.pellisambandhalu.sanitytestcases.TC_001_Verify_the_functionality_ExcelData@46cdf8bd]" started-at="2024-07-18T13:37:05 IST" name="verifyRegisterData" data-provider="RegistrationData" finished-at="2024-07-18T13:37:05 IST" duration-ms="0" status="PASS">
          <params>
            <param index="0">
              <value>
                <![CDATA[Priyanka]]>
              </value>
            </param>
            <param index="1">
              <value>
                <![CDATA[Priyanka25@gmail.com]]>
              </value>
            </param>
            <param index="2">
              <value>
                <![CDATA[Priyanka@25]]>
              </value>
            </param>
            <param index="3">
              <value>
                <![CDATA[Priyanka_25]]>
              </value>
            </param>
            <param index="4">
              <value>
                <![CDATA[Women]]>
              </value>
            </param>
            <param index="5">
              <value>
                <![CDATA[6314567894]]>
              </value>
            </param>
          </params>
          <reporter-output>
          </reporter-output>
        </test-method> <!-- verifyRegisterData -->
        <test-method signature="verifyRegisterData(java.lang.String,java.lang.String,java.lang.String,java.lang.String,java.lang.String,java.lang.String)[pri:1, instance:com.pellisambandhalu.sanitytestcases.TC_001_Verify_the_functionality_ExcelData@46cdf8bd]" started-at="2024-07-18T13:37:05 IST" name="verifyRegisterData" data-provider="RegistrationData" finished-at="2024-07-18T13:37:05 IST" duration-ms="0" status="PASS">
          <params>
            <param index="0">
              <value>
                <![CDATA[Harshith]]>
              </value>
            </param>
            <param index="1">
              <value>
                <![CDATA[Haritha27@gmail.com]]>
              </value>
            </param>
            <param index="2">
              <value>
                <![CDATA[Haritha@27]]>
              </value>
            </param>
            <param index="3">
              <value>
                <![CDATA[Harshitha_27]]>
              </value>
            </param>
            <param index="4">
              <value>
                <![CDATA[Women]]>
              </value>
            </param>
            <param index="5">
              <value>
                <![CDATA[9988776757]]>
              </value>
            </param>
          </params>
          <reporter-output>
          </reporter-output>
        </test-method> <!-- verifyRegisterData -->
        <test-method signature="verifyRegisterData(java.lang.String,java.lang.String,java.lang.String,java.lang.String,java.lang.String,java.lang.String)[pri:1, instance:com.pellisambandhalu.sanitytestcases.TC_001_Verify_the_functionality_ExcelData@46cdf8bd]" started-at="2024-07-18T13:37:05 IST" name="verifyRegisterData" data-provider="RegistrationData" finished-at="2024-07-18T13:37:05 IST" duration-ms="0" status="PASS">
          <params>
            <param index="0">
              <value>
                <![CDATA[Bindhu]]>
              </value>
            </param>
            <param index="1">
              <value>
                <![CDATA[Bindhu25@gmail.com]]>
              </value>
            </param>
            <param index="2">
              <value>
                <![CDATA[Bindhu@25]]>
              </value>
            </param>
            <param index="3">
              <value>
                <![CDATA[Bindhu_25]]>
              </value>
            </param>
            <param index="4">
              <value>
                <![CDATA[Women]]>
              </value>
            </param>
            <param index="5">
              <value>
                <![CDATA[6354746365]]>
              </value>
            </param>
          </params>
          <reporter-output>
          </reporter-output>
        </test-method> <!-- verifyRegisterData -->
        <test-method signature="verifyRegisterData(java.lang.String,java.lang.String,java.lang.String,java.lang.String,java.lang.String,java.lang.String)[pri:1, instance:com.pellisambandhalu.sanitytestcases.TC_001_Verify_the_functionality_ExcelData@46cdf8bd]" started-at="2024-07-18T13:37:05 IST" name="verifyRegisterData" data-provider="RegistrationData" finished-at="2024-07-18T13:37:05 IST" duration-ms="0" status="PASS">
          <params>
            <param index="0">
              <value>
                <![CDATA[Sindhu]]>
              </value>
            </param>
            <param index="1">
              <value>
                <![CDATA[Sindhu23@gmail.com]]>
              </value>
            </param>
            <param index="2">
              <value>
                <![CDATA[Sindhu@23]]>
              </value>
            </param>
            <param index="3">
              <value>
                <![CDATA[Sindhu_23]]>
              </value>
            </param>
            <param index="4">
              <value>
                <![CDATA[Women]]>
              </value>
            </param>
            <param index="5">
              <value>
                <![CDATA[6203934567]]>
              </value>
            </param>
          </params>
          <reporter-output>
          </reporter-output>
        </test-method> <!-- verifyRegisterData -->
        <test-method signature="verifyRegisterData(java.lang.String,java.lang.String,java.lang.String,java.lang.String,java.lang.String,java.lang.String)[pri:1, instance:com.pellisambandhalu.sanitytestcases.TC_001_Verify_the_functionality_ExcelData@46cdf8bd]" started-at="2024-07-18T13:37:05 IST" name="verifyRegisterData" data-provider="RegistrationData" finished-at="2024-07-18T13:37:05 IST" duration-ms="5" status="PASS">
          <params>
            <param index="0">
              <value>
                <![CDATA[Preethi]]>
              </value>
            </param>
            <param index="1">
              <value>
                <![CDATA[Preethi29@gmail.com]]>
              </value>
            </param>
            <param index="2">
              <value>
                <![CDATA[Preethi@29]]>
              </value>
            </param>
            <param index="3">
              <value>
                <![CDATA[Preethi_29]]>
              </value>
            </param>
            <param index="4">
              <value>
                <![CDATA[Women]]>
              </value>
            </param>
            <param index="5">
              <value>
                <![CDATA[9157672531]]>
              </value>
            </param>
          </params>
          <reporter-output>
          </reporter-output>
        </test-method> <!-- verifyRegisterData -->
        <test-method signature="verifyLogInDetails(java.lang.String,java.lang.String)[pri:2, instance:com.pellisambandhalu.sanitytestcases.TC_001_Verify_the_functionality_ExcelData@46cdf8bd]" started-at="2024-07-18T13:37:05 IST" name="verifyLogInDetails" data-provider="LoginData" finished-at="2024-07-18T13:37:05 IST" duration-ms="0" status="PASS">
          <params>
            <param index="0">
              <value>
                <![CDATA[Raja1]]>
              </value>
            </param>
            <param index="1">
              <value>
                <![CDATA[Raja@2008]]>
              </value>
            </param>
          </params>
          <reporter-output>
          </reporter-output>
        </test-method> <!-- verifyLogInDetails -->
        <test-method signature="verifyLogInDetails(java.lang.String,java.lang.String)[pri:2, instance:com.pellisambandhalu.sanitytestcases.TC_001_Verify_the_functionality_ExcelData@46cdf8bd]" started-at="2024-07-18T13:37:06 IST" name="verifyLogInDetails" data-provider="LoginData" finished-at="2024-07-18T13:37:06 IST" duration-ms="0" status="PASS">
          <params>
            <param index="0">
              <value>
                <![CDATA[Raja2]]>
              </value>
            </param>
            <param index="1">
              <value>
                <![CDATA[Raja@2009]]>
              </value>
            </param>
          </params>
          <reporter-output>
          </reporter-output>
        </test-method> <!-- verifyLogInDetails -->
        <test-method signature="verifyLogInDetails(java.lang.String,java.lang.String)[pri:2, instance:com.pellisambandhalu.sanitytestcases.TC_001_Verify_the_functionality_ExcelData@46cdf8bd]" started-at="2024-07-18T13:37:06 IST" name="verifyLogInDetails" data-provider="LoginData" finished-at="2024-07-18T13:37:06 IST" duration-ms="2" status="PASS">
          <params>
            <param index="0">
              <value>
                <![CDATA[Raja3]]>
              </value>
            </param>
            <param index="1">
              <value>
                <![CDATA[Raja@2010]]>
              </value>
            </param>
          </params>
          <reporter-output>
          </reporter-output>
        </test-method> <!-- verifyLogInDetails -->
        <test-method signature="verifyLogInDetails(java.lang.String,java.lang.String)[pri:2, instance:com.pellisambandhalu.sanitytestcases.TC_001_Verify_the_functionality_ExcelData@46cdf8bd]" started-at="2024-07-18T13:37:06 IST" name="verifyLogInDetails" data-provider="LoginData" finished-at="2024-07-18T13:37:06 IST" duration-ms="5" status="PASS">
          <params>
            <param index="0">
              <value>
                <![CDATA[Raja4]]>
              </value>
            </param>
            <param index="1">
              <value>
                <![CDATA[Raja@2011]]>
              </value>
            </param>
          </params>
          <reporter-output>
          </reporter-output>
        </test-method> <!-- verifyLogInDetails -->
        <test-method signature="verifyLogInDetails(java.lang.String,java.lang.String)[pri:2, instance:com.pellisambandhalu.sanitytestcases.TC_001_Verify_the_functionality_ExcelData@46cdf8bd]" started-at="2024-07-18T13:37:06 IST" name="verifyLogInDetails" data-provider="LoginData" finished-at="2024-07-18T13:37:06 IST" duration-ms="1" status="PASS">
          <params>
            <param index="0">
              <value>
                <![CDATA[Raja5]]>
              </value>
            </param>
            <param index="1">
              <value>
                <![CDATA[Raja@2012]]>
              </value>
            </param>
          </params>
          <reporter-output>
          </reporter-output>
        </test-method> <!-- verifyLogInDetails -->
        <test-method signature="verifyLogInDetails(java.lang.String,java.lang.String)[pri:2, instance:com.pellisambandhalu.sanitytestcases.TC_001_Verify_the_functionality_ExcelData@46cdf8bd]" started-at="2024-07-18T13:37:06 IST" name="verifyLogInDetails" data-provider="LoginData" finished-at="2024-07-18T13:37:06 IST" duration-ms="0" status="PASS">
          <params>
            <param index="0">
              <value>
                <![CDATA[Raja6]]>
              </value>
            </param>
            <param index="1">
              <value>
                <![CDATA[Raja@2013]]>
              </value>
            </param>
          </params>
          <reporter-output>
          </reporter-output>
        </test-method> <!-- verifyLogInDetails -->
        <test-method signature="verifyLogInDetails(java.lang.String,java.lang.String)[pri:2, instance:com.pellisambandhalu.sanitytestcases.TC_001_Verify_the_functionality_ExcelData@46cdf8bd]" started-at="2024-07-18T13:37:06 IST" name="verifyLogInDetails" data-provider="LoginData" finished-at="2024-07-18T13:37:06 IST" duration-ms="0" status="PASS">
          <params>
            <param index="0">
              <value>
                <![CDATA[Raja7]]>
              </value>
            </param>
            <param index="1">
              <value>
                <![CDATA[Raja@2014]]>
              </value>
            </param>
          </params>
          <reporter-output>
          </reporter-output>
        </test-method> <!-- verifyLogInDetails -->
        <test-method signature="verifyLogInDetails(java.lang.String,java.lang.String)[pri:2, instance:com.pellisambandhalu.sanitytestcases.TC_001_Verify_the_functionality_ExcelData@46cdf8bd]" started-at="2024-07-18T13:37:06 IST" name="verifyLogInDetails" data-provider="LoginData" finished-at="2024-07-18T13:37:06 IST" duration-ms="0" status="PASS">
          <params>
            <param index="0">
              <value>
                <![CDATA[Raja8]]>
              </value>
            </param>
            <param index="1">
              <value>
                <![CDATA[Raja@2015]]>
              </value>
            </param>
          </params>
          <reporter-output>
          </reporter-output>
        </test-method> <!-- verifyLogInDetails -->
        <test-method signature="verifyEmpDetails(java.lang.String,java.lang.String,java.lang.String)[pri:3, instance:com.pellisambandhalu.sanitytestcases.TC_001_Verify_the_functionality_ExcelData@46cdf8bd]" started-at="2024-07-18T13:37:07 IST" name="verifyEmpDetails" data-provider="Emp" finished-at="2024-07-18T13:37:07 IST" duration-ms="0" status="PASS">
          <params>
            <param index="0">
              <value>
                <![CDATA[Krishna]]>
              </value>
            </param>
            <param index="1">
              <value>
                <![CDATA[Naidu]]>
              </value>
            </param>
            <param index="2">
              <value>
                <![CDATA[TeamLead]]>
              </value>
            </param>
          </params>
          <reporter-output>
          </reporter-output>
        </test-method> <!-- verifyEmpDetails -->
        <test-method signature="verifyEmpDetails(java.lang.String,java.lang.String,java.lang.String)[pri:3, instance:com.pellisambandhalu.sanitytestcases.TC_001_Verify_the_functionality_ExcelData@46cdf8bd]" started-at="2024-07-18T13:37:07 IST" name="verifyEmpDetails" data-provider="Emp" finished-at="2024-07-18T13:37:07 IST" duration-ms="0" status="PASS">
          <params>
            <param index="0">
              <value>
                <![CDATA[Raja]]>
              </value>
            </param>
            <param index="1">
              <value>
                <![CDATA[Venkateswarlu]]>
              </value>
            </param>
            <param index="2">
              <value>
                <![CDATA[Test Engineer]]>
              </value>
            </param>
          </params>
          <reporter-output>
          </reporter-output>
        </test-method> <!-- verifyEmpDetails -->
        <test-method signature="verifyEmpDetails(java.lang.String,java.lang.String,java.lang.String)[pri:3, instance:com.pellisambandhalu.sanitytestcases.TC_001_Verify_the_functionality_ExcelData@46cdf8bd]" started-at="2024-07-18T13:37:07 IST" name="verifyEmpDetails" data-provider="Emp" finished-at="2024-07-18T13:37:07 IST" duration-ms="0" status="PASS">
          <params>
            <param index="0">
              <value>
                <![CDATA[Goverdhan]]>
              </value>
            </param>
            <param index="1">
              <value>
                <![CDATA[Voddula]]>
              </value>
            </param>
            <param index="2">
              <value>
                <![CDATA[Test Engineer]]>
              </value>
            </param>
          </params>
          <reporter-output>
          </reporter-output>
        </test-method> <!-- verifyEmpDetails -->
        <test-method signature="verifyEmpDetails(java.lang.String,java.lang.String,java.lang.String)[pri:3, instance:com.pellisambandhalu.sanitytestcases.TC_001_Verify_the_functionality_ExcelData@46cdf8bd]" started-at="2024-07-18T13:37:07 IST" name="verifyEmpDetails" data-provider="Emp" finished-at="2024-07-18T13:37:07 IST" duration-ms="0" status="PASS">
          <params>
            <param index="0">
              <value>
                <![CDATA[Venkateswarlu]]>
              </value>
            </param>
            <param index="1">
              <value>
                <![CDATA[Gadde]]>
              </value>
            </param>
            <param index="2">
              <value>
                <![CDATA[Sr TesEngieer]]>
              </value>
            </param>
          </params>
          <reporter-output>
          </reporter-output>
        </test-method> <!-- verifyEmpDetails -->
        <test-method signature="verifyEmpDetails(java.lang.String,java.lang.String,java.lang.String)[pri:3, instance:com.pellisambandhalu.sanitytestcases.TC_001_Verify_the_functionality_ExcelData@46cdf8bd]" started-at="2024-07-18T13:37:07 IST" name="verifyEmpDetails" data-provider="Emp" finished-at="2024-07-18T13:37:07 IST" duration-ms="0" status="PASS">
          <params>
            <param index="0">
              <value>
                <![CDATA[SivaRammiReddy]]>
              </value>
            </param>
            <param index="1">
              <value>
                <![CDATA[Mettu]]>
              </value>
            </param>
            <param index="2">
              <value>
                <![CDATA[Test Engineer]]>
              </value>
            </param>
          </params>
          <reporter-output>
          </reporter-output>
        </test-method> <!-- verifyEmpDetails -->
        <test-method signature="verifyEmpDetails(java.lang.String,java.lang.String,java.lang.String)[pri:3, instance:com.pellisambandhalu.sanitytestcases.TC_001_Verify_the_functionality_ExcelData@46cdf8bd]" started-at="2024-07-18T13:37:07 IST" name="verifyEmpDetails" data-provider="Emp" finished-at="2024-07-18T13:37:07 IST" duration-ms="0" status="PASS">
          <params>
            <param index="0">
              <value>
                <![CDATA[Anusha]]>
              </value>
            </param>
            <param index="1">
              <value>
                <![CDATA[A]]>
              </value>
            </param>
            <param index="2">
              <value>
                <![CDATA[Sr TesEngieer]]>
              </value>
            </param>
          </params>
          <reporter-output>
          </reporter-output>
        </test-method> <!-- verifyEmpDetails -->
        <test-method signature="verifyEmpDetails(java.lang.String,java.lang.String,java.lang.String)[pri:3, instance:com.pellisambandhalu.sanitytestcases.TC_001_Verify_the_functionality_ExcelData@46cdf8bd]" started-at="2024-07-18T13:37:07 IST" name="verifyEmpDetails" data-provider="Emp" finished-at="2024-07-18T13:37:07 IST" duration-ms="0" status="PASS">
          <params>
            <param index="0">
              <value>
                <![CDATA[Bhanu]]>
              </value>
            </param>
            <param index="1">
              <value>
                <![CDATA[Sree]]>
              </value>
            </param>
            <param index="2">
              <value>
                <![CDATA[HrRequiter]]>
              </value>
            </param>
          </params>
          <reporter-output>
          </reporter-output>
        </test-method> <!-- verifyEmpDetails -->
      </class> <!-- com.pellisambandhalu.sanitytestcases.TC_001_Verify_the_functionality_ExcelData -->
    </test> <!-- Test -->
  </suite> <!-- Suite -->
  <suite started-at="2024-07-18T13:37:13 IST" name="Suite (0)" finished-at="2024-07-18T13:37:17 IST" duration-ms="4743">
    <groups>
    </groups>
    <test started-at="2024-07-18T13:37:13 IST" name="Test" finished-at="2024-07-18T13:37:17 IST" duration-ms="4743">
      <class name="Tasks.FaceBookCreateAccountFunctionality">
        <test-method signature="createFaceBook()[pri:0, instance:Tasks.FaceBookCreateAccountFunctionality@413d1baf]" started-at="2024-07-18T13:37:13 IST" name="createFaceBook" finished-at="2024-07-18T13:37:17 IST" duration-ms="4587" status="PASS">
          <reporter-output>
          </reporter-output>
        </test-method> <!-- createFaceBook -->
      </class> <!-- Tasks.FaceBookCreateAccountFunctionality -->
    </test> <!-- Test -->
  </suite> <!-- Suite (0) -->
</testng-results>
